<?xml version="1.0" encoding="UTF-8"?>
<testsuite name="CalculatorTest" tests="2" skipped="0" failures="0" errors="0" timestamp="2020-02-25T08:31:30" hostname="admin1-ThinkCentre-M72e" time="0.007">
  <properties/>
  <testcase name="add" classname="CalculatorTest" time="0.007"/>
  <testcase name="multiplication" classname="CalculatorTest" time="0.0"/>
  <system-out><![CDATA[]]></system-out>
  <system-err><![CDATA[]]></system-err>
</testsuite>
